<?xml version="1.0" encoding="UTF-8"?>
<testsuite name="com.example.CentreDeVaccination.AdresseRestControllerTest" tests="6" skipped="0" failures="0" errors="0" timestamp="2023-11-16T23:28:17" hostname="pny-sci-d08" time="1.99">
  <properties/>
  <testcase name="testCreateAdresse()" classname="com.example.CentreDeVaccination.AdresseRestControllerTest" time="1.938"/>
  <testcase name="testUpdateAdresse()" classname="com.example.CentreDeVaccination.AdresseRestControllerTest" time="0.009"/>
  <testcase name="testGetAdresseById()" classname="com.example.CentreDeVaccination.AdresseRestControllerTest" time="0.007"/>
  <testcase name="testDeleteAdresse()" classname="com.example.CentreDeVaccination.AdresseRestControllerTest" time="0.005"/>
  <testcase name="testGetAllAdresses()" classname="com.example.CentreDeVaccination.AdresseRestControllerTest" time="0.006"/>
  <testcase name="testHandleObjectNotFoundException()" classname="com.example.CentreDeVaccination.AdresseRestControllerTest" time="0.008"/>
  <system-out><![CDATA[]]></system-out>
  <system-err><![CDATA[WARNING: A Java agent has been loaded dynamically (C:\Users\Utilisateur\.gradle\caches\modules-2\files-2.1\net.bytebuddy\byte-buddy-agent\1.14.8\ae6ebe485f3bcd0a1e20241488a32e6400a501ef\byte-buddy-agent-1.14.8.jar)
WARNING: If a serviceability tool is in use, please run with -XX:+EnableDynamicAgentLoading to hide this warning
WARNING: If a serviceability tool is not in use, please run with -Djdk.instrument.traceUsage for more information
WARNING: Dynamic loading of agents will be disallowed by default in a future release
]]></system-err>
</testsuite>
